<?xml version="1.0" encoding="UTF-8"?>
<coverage generated="1750235837">
  <project timestamp="1750235837">
    <file name="/home/runner/work/php-local-filesystem/php-local-filesystem/src/LocalFilesystem.php">
      <class name="MaxSLab\Filesystem\Local\LocalFilesystem" namespace="global">
        <metrics complexity="44" methods="26" coveredmethods="26" conditionals="0" coveredconditionals="0" statements="82" coveredstatements="82" elements="108" coveredelements="108"/>
      </class>
      <line num="58" type="method" name="__construct" visibility="public" complexity="1" crap="1" count="34"/>
      <line num="60" type="stmt" count="34"/>
      <line num="61" type="stmt" count="34"/>
      <line num="62" type="stmt" count="34"/>
      <line num="81" type="method" name="prepareFullPath" visibility="public" complexity="1" crap="1" count="33"/>
      <line num="83" type="stmt" count="33"/>
      <line num="98" type="method" name="fileExists" visibility="public" complexity="1" crap="1" count="6"/>
      <line num="100" type="stmt" count="6"/>
      <line num="115" type="method" name="directoryExists" visibility="public" complexity="1" crap="1" count="4"/>
      <line num="117" type="stmt" count="4"/>
      <line num="139" type="method" name="setPermissions" visibility="public" complexity="1" crap="1" count="2"/>
      <line num="141" type="stmt" count="2"/>
      <line num="164" type="method" name="getPermissions" visibility="public" complexity="2" crap="2" count="6"/>
      <line num="166" type="stmt" count="6"/>
      <line num="168" type="stmt" count="6"/>
      <line num="169" type="stmt" count="1"/>
      <line num="172" type="stmt" count="5"/>
      <line num="192" type="method" name="listPathnames" visibility="public" complexity="2" crap="2" count="2"/>
      <line num="194" type="stmt" count="2"/>
      <line num="196" type="stmt" count="2"/>
      <line num="197" type="stmt" count="1"/>
      <line num="200" type="stmt" count="1"/>
      <line num="231" type="method" name="writeToFile" visibility="public" complexity="2" crap="2" count="16"/>
      <line num="233" type="stmt" count="16"/>
      <line num="235" type="stmt" count="16"/>
      <line num="237" type="stmt" count="16"/>
      <line num="238" type="stmt" count="1"/>
      <line num="241" type="stmt" count="15"/>
      <line num="260" type="method" name="readFile" visibility="public" complexity="2" crap="2" count="2"/>
      <line num="262" type="stmt" count="2"/>
      <line num="264" type="stmt" count="2"/>
      <line num="265" type="stmt" count="1"/>
      <line num="268" type="stmt" count="1"/>
      <line num="287" type="method" name="readFileAsStream" visibility="public" complexity="2" crap="2" count="2"/>
      <line num="289" type="stmt" count="2"/>
      <line num="291" type="stmt" count="2"/>
      <line num="292" type="stmt" count="1"/>
      <line num="295" type="stmt" count="1"/>
      <line num="314" type="method" name="getFileSize" visibility="public" complexity="2" crap="2" count="2"/>
      <line num="316" type="stmt" count="2"/>
      <line num="318" type="stmt" count="2"/>
      <line num="319" type="stmt" count="1"/>
      <line num="322" type="stmt" count="1"/>
      <line num="341" type="method" name="getFileMimeType" visibility="public" complexity="2" crap="2" count="2"/>
      <line num="343" type="stmt" count="2"/>
      <line num="345" type="stmt" count="2"/>
      <line num="346" type="stmt" count="1"/>
      <line num="349" type="stmt" count="1"/>
      <line num="369" type="method" name="getFileLastModifiedTime" visibility="public" complexity="2" crap="2" count="2"/>
      <line num="371" type="stmt" count="2"/>
      <line num="373" type="stmt" count="2"/>
      <line num="374" type="stmt" count="1"/>
      <line num="377" type="stmt" count="1"/>
      <line num="392" type="method" name="deleteFile" visibility="public" complexity="1" crap="1" count="2"/>
      <line num="394" type="stmt" count="2"/>
      <line num="419" type="method" name="copyFile" visibility="public" complexity="2" crap="2" count="3"/>
      <line num="421" type="stmt" count="3"/>
      <line num="423" type="stmt" count="3"/>
      <line num="425" type="stmt" count="3"/>
      <line num="426" type="stmt" count="1"/>
      <line num="429" type="stmt" count="2"/>
      <line num="454" type="method" name="moveFile" visibility="public" complexity="2" crap="2" count="3"/>
      <line num="456" type="stmt" count="3"/>
      <line num="458" type="stmt" count="3"/>
      <line num="460" type="stmt" count="3"/>
      <line num="461" type="stmt" count="1"/>
      <line num="464" type="stmt" count="2"/>
      <line num="484" type="method" name="createDirectory" visibility="public" complexity="1" crap="1" count="6"/>
      <line num="486" type="stmt" count="6"/>
      <line num="487" type="stmt" count="6"/>
      <line num="488" type="stmt" count="6"/>
      <line num="489" type="stmt" count="6"/>
      <line num="504" type="method" name="deleteDirectory" visibility="public" complexity="4" crap="4" count="3"/>
      <line num="506" type="stmt" count="3"/>
      <line num="508" type="stmt" count="3"/>
      <line num="509" type="stmt" count="1"/>
      <line num="512" type="stmt" count="2"/>
      <line num="513" type="stmt" count="2"/>
      <line num="514" type="stmt" count="2"/>
      <line num="515" type="stmt" count="2"/>
      <line num="518" type="stmt" count="2"/>
      <line num="519" type="stmt" count="1"/>
      <line num="520" type="stmt" count="1"/>
      <line num="522" type="stmt" count="1"/>
      <line num="526" type="stmt" count="2"/>
      <line num="532" type="method" name="prepareDirectoryForFile" visibility="private" complexity="2" crap="2" count="18"/>
      <line num="534" type="stmt" count="18"/>
      <line num="536" type="stmt" count="18"/>
      <line num="537" type="stmt" count="1"/>
      <line num="540" type="stmt" count="17"/>
      <line num="546" type="method" name="setPermissionsByFullPath" visibility="private" complexity="2" crap="2" count="17"/>
      <line num="548" type="stmt" count="17"/>
      <line num="549" type="stmt" count="1"/>
      <line num="556" type="method" name="createDirectoryByFullPath" visibility="private" complexity="2" crap="2" count="23"/>
      <line num="558" type="stmt" count="23"/>
      <line num="559" type="stmt" count="1"/>
      <line num="566" type="method" name="deleteDirectoryByFullPath" visibility="private" complexity="2" crap="2" count="3"/>
      <line num="568" type="stmt" count="3"/>
      <line num="569" type="stmt" count="1"/>
      <line num="576" type="method" name="deleteFileByFullPath" visibility="private" complexity="2" crap="2" count="3"/>
      <line num="578" type="stmt" count="3"/>
      <line num="579" type="stmt" count="1"/>
      <line num="586" type="method" name="getDirectoryPermissionsFromParams" visibility="private" complexity="1" crap="1" count="18"/>
      <line num="588" type="stmt" count="18"/>
      <line num="594" type="method" name="getFilePermissionsFromParams" visibility="private" complexity="1" crap="1" count="15"/>
      <line num="596" type="stmt" count="15"/>
      <line num="599" type="method" name="getLastErrorAsException" visibility="private" complexity="1" crap="1" count="14"/>
      <line num="601" type="stmt" count="14"/>
      <metrics loc="604" ncloc="275" classes="1" methods="26" coveredmethods="26" conditionals="0" coveredconditionals="0" statements="82" coveredstatements="82" elements="108" coveredelements="108"/>
    </file>
    <file name="/home/runner/work/php-local-filesystem/php-local-filesystem/src/LocalFilesystemException.php">
      <class name="MaxSLab\Filesystem\Local\LocalFilesystemException" namespace="global">
        <metrics complexity="1" methods="1" coveredmethods="1" conditionals="0" coveredconditionals="0" statements="1" coveredstatements="1" elements="2" coveredelements="2"/>
      </class>
      <line num="15" type="method" name="__construct" visibility="public" complexity="1" crap="1" count="15"/>
      <line num="17" type="stmt" count="15"/>
      <metrics loc="20" ncloc="17" classes="1" methods="1" coveredmethods="1" conditionals="0" coveredconditionals="0" statements="1" coveredstatements="1" elements="2" coveredelements="2"/>
    </file>
    <file name="/home/runner/work/php-local-filesystem/php-local-filesystem/src/LocalFilesystemHelper.php">
      <class name="MaxSLab\Filesystem\Local\LocalFilesystemHelper" namespace="global">
        <metrics complexity="2" methods="2" coveredmethods="2" conditionals="0" coveredconditionals="0" statements="2" coveredstatements="2" elements="4" coveredelements="4"/>
      </class>
      <line num="31" type="method" name="normalizePath" visibility="public" complexity="1" crap="1" count="38"/>
      <line num="33" type="stmt" count="38"/>
      <line num="48" type="method" name="filepermsToOctatValue" visibility="public" complexity="1" crap="1" count="9"/>
      <line num="50" type="stmt" count="9"/>
      <metrics loc="53" ncloc="26" classes="1" methods="2" coveredmethods="2" conditionals="0" coveredconditionals="0" statements="2" coveredstatements="2" elements="4" coveredelements="4"/>
    </file>
    <metrics files="3" loc="677" ncloc="318" classes="3" methods="29" coveredmethods="29" conditionals="0" coveredconditionals="0" statements="85" coveredstatements="85" elements="114" coveredelements="114"/>
  </project>
</coverage>
