<?xml version="1.0" encoding="UTF-8"?>
<coverage generated="1750233202">
  <project timestamp="1750233202">
    <file name="/home/runner/work/php-local-filesystem/php-local-filesystem/src/LocalFilesystem.php">
      <class name="MaxSLab\Filesystem\Local\LocalFilesystem" namespace="global">
        <metrics complexity="44" methods="26" coveredmethods="26" conditionals="0" coveredconditionals="0" statements="81" coveredstatements="81" elements="107" coveredelements="107"/>
      </class>
      <line num="56" type="method" name="__construct" visibility="public" complexity="1" crap="1" count="35"/>
      <line num="60" type="stmt" count="35"/>
      <line num="61" type="stmt" count="35"/>
      <line num="80" type="method" name="prepareFullPath" visibility="public" complexity="1" crap="1" count="34"/>
      <line num="82" type="stmt" count="34"/>
      <line num="97" type="method" name="fileExists" visibility="public" complexity="1" crap="1" count="9"/>
      <line num="99" type="stmt" count="9"/>
      <line num="114" type="method" name="directoryExists" visibility="public" complexity="1" crap="1" count="4"/>
      <line num="116" type="stmt" count="4"/>
      <line num="138" type="method" name="setPermissions" visibility="public" complexity="1" crap="1" count="2"/>
      <line num="140" type="stmt" count="2"/>
      <line num="163" type="method" name="getPermissions" visibility="public" complexity="2" crap="2" count="6"/>
      <line num="165" type="stmt" count="6"/>
      <line num="167" type="stmt" count="6"/>
      <line num="168" type="stmt" count="1"/>
      <line num="171" type="stmt" count="5"/>
      <line num="191" type="method" name="listPathnames" visibility="public" complexity="2" crap="2" count="3"/>
      <line num="193" type="stmt" count="3"/>
      <line num="195" type="stmt" count="3"/>
      <line num="196" type="stmt" count="1"/>
      <line num="199" type="stmt" count="2"/>
      <line num="230" type="method" name="writeToFile" visibility="public" complexity="2" crap="2" count="16"/>
      <line num="232" type="stmt" count="16"/>
      <line num="234" type="stmt" count="16"/>
      <line num="236" type="stmt" count="16"/>
      <line num="237" type="stmt" count="1"/>
      <line num="240" type="stmt" count="15"/>
      <line num="259" type="method" name="readFile" visibility="public" complexity="2" crap="2" count="2"/>
      <line num="261" type="stmt" count="2"/>
      <line num="263" type="stmt" count="2"/>
      <line num="264" type="stmt" count="1"/>
      <line num="267" type="stmt" count="1"/>
      <line num="286" type="method" name="readFileAsStream" visibility="public" complexity="2" crap="2" count="2"/>
      <line num="288" type="stmt" count="2"/>
      <line num="290" type="stmt" count="2"/>
      <line num="291" type="stmt" count="1"/>
      <line num="294" type="stmt" count="1"/>
      <line num="313" type="method" name="getFileSize" visibility="public" complexity="2" crap="2" count="2"/>
      <line num="315" type="stmt" count="2"/>
      <line num="317" type="stmt" count="2"/>
      <line num="318" type="stmt" count="1"/>
      <line num="321" type="stmt" count="1"/>
      <line num="340" type="method" name="getFileMimeType" visibility="public" complexity="2" crap="2" count="2"/>
      <line num="342" type="stmt" count="2"/>
      <line num="344" type="stmt" count="2"/>
      <line num="345" type="stmt" count="1"/>
      <line num="348" type="stmt" count="1"/>
      <line num="368" type="method" name="getFileLastModifiedTime" visibility="public" complexity="2" crap="2" count="2"/>
      <line num="370" type="stmt" count="2"/>
      <line num="372" type="stmt" count="2"/>
      <line num="373" type="stmt" count="1"/>
      <line num="376" type="stmt" count="1"/>
      <line num="391" type="method" name="deleteFile" visibility="public" complexity="1" crap="1" count="2"/>
      <line num="393" type="stmt" count="2"/>
      <line num="418" type="method" name="copyFile" visibility="public" complexity="2" crap="2" count="3"/>
      <line num="420" type="stmt" count="3"/>
      <line num="422" type="stmt" count="3"/>
      <line num="424" type="stmt" count="3"/>
      <line num="425" type="stmt" count="1"/>
      <line num="428" type="stmt" count="2"/>
      <line num="453" type="method" name="moveFile" visibility="public" complexity="2" crap="2" count="3"/>
      <line num="455" type="stmt" count="3"/>
      <line num="457" type="stmt" count="3"/>
      <line num="459" type="stmt" count="3"/>
      <line num="460" type="stmt" count="1"/>
      <line num="463" type="stmt" count="2"/>
      <line num="483" type="method" name="createDirectory" visibility="public" complexity="1" crap="1" count="6"/>
      <line num="485" type="stmt" count="6"/>
      <line num="486" type="stmt" count="6"/>
      <line num="487" type="stmt" count="6"/>
      <line num="488" type="stmt" count="6"/>
      <line num="503" type="method" name="deleteDirectory" visibility="public" complexity="4" crap="4" count="3"/>
      <line num="505" type="stmt" count="3"/>
      <line num="507" type="stmt" count="3"/>
      <line num="508" type="stmt" count="1"/>
      <line num="511" type="stmt" count="2"/>
      <line num="512" type="stmt" count="2"/>
      <line num="513" type="stmt" count="2"/>
      <line num="514" type="stmt" count="2"/>
      <line num="517" type="stmt" count="2"/>
      <line num="518" type="stmt" count="1"/>
      <line num="519" type="stmt" count="1"/>
      <line num="521" type="stmt" count="1"/>
      <line num="525" type="stmt" count="2"/>
      <line num="531" type="method" name="prepareDirectoryForFile" visibility="private" complexity="2" crap="2" count="18"/>
      <line num="533" type="stmt" count="18"/>
      <line num="535" type="stmt" count="18"/>
      <line num="536" type="stmt" count="1"/>
      <line num="539" type="stmt" count="17"/>
      <line num="545" type="method" name="setPermissionsByFullPath" visibility="private" complexity="2" crap="2" count="17"/>
      <line num="547" type="stmt" count="17"/>
      <line num="548" type="stmt" count="1"/>
      <line num="555" type="method" name="createDirectoryByFullPath" visibility="private" complexity="2" crap="2" count="23"/>
      <line num="557" type="stmt" count="23"/>
      <line num="558" type="stmt" count="1"/>
      <line num="565" type="method" name="deleteDirectoryByFullPath" visibility="private" complexity="2" crap="2" count="3"/>
      <line num="567" type="stmt" count="3"/>
      <line num="568" type="stmt" count="1"/>
      <line num="575" type="method" name="deleteFileByFullPath" visibility="private" complexity="2" crap="2" count="3"/>
      <line num="577" type="stmt" count="3"/>
      <line num="578" type="stmt" count="1"/>
      <line num="585" type="method" name="getDirectoryPermissionsFromParams" visibility="private" complexity="1" crap="1" count="18"/>
      <line num="587" type="stmt" count="18"/>
      <line num="593" type="method" name="getFilePermissionsFromParams" visibility="private" complexity="1" crap="1" count="15"/>
      <line num="595" type="stmt" count="15"/>
      <line num="598" type="method" name="getLastErrorAsException" visibility="private" complexity="1" crap="1" count="14"/>
      <line num="600" type="stmt" count="14"/>
      <metrics loc="603" ncloc="274" classes="1" methods="26" coveredmethods="26" conditionals="0" coveredconditionals="0" statements="81" coveredstatements="81" elements="107" coveredelements="107"/>
    </file>
    <file name="/home/runner/work/php-local-filesystem/php-local-filesystem/src/LocalFilesystemException.php">
      <class name="MaxSLab\Filesystem\Local\LocalFilesystemException" namespace="global">
        <metrics complexity="1" methods="1" coveredmethods="1" conditionals="0" coveredconditionals="0" statements="1" coveredstatements="1" elements="2" coveredelements="2"/>
      </class>
      <line num="15" type="method" name="__construct" visibility="public" complexity="1" crap="1" count="15"/>
      <line num="17" type="stmt" count="15"/>
      <metrics loc="20" ncloc="17" classes="1" methods="1" coveredmethods="1" conditionals="0" coveredconditionals="0" statements="1" coveredstatements="1" elements="2" coveredelements="2"/>
    </file>
    <file name="/home/runner/work/php-local-filesystem/php-local-filesystem/src/LocalFilesystemHelper.php">
      <class name="MaxSLab\Filesystem\Local\LocalFilesystemHelper" namespace="global">
        <metrics complexity="2" methods="2" coveredmethods="2" conditionals="0" coveredconditionals="0" statements="2" coveredstatements="2" elements="4" coveredelements="4"/>
      </class>
      <line num="31" type="method" name="normalizePath" visibility="public" complexity="1" crap="1" count="39"/>
      <line num="33" type="stmt" count="39"/>
      <line num="48" type="method" name="filepermsToOctalValue" visibility="public" complexity="1" crap="1" count="9"/>
      <line num="50" type="stmt" count="9"/>
      <metrics loc="53" ncloc="26" classes="1" methods="2" coveredmethods="2" conditionals="0" coveredconditionals="0" statements="2" coveredstatements="2" elements="4" coveredelements="4"/>
    </file>
    <metrics files="3" loc="676" ncloc="317" classes="3" methods="29" coveredmethods="29" conditionals="0" coveredconditionals="0" statements="84" coveredstatements="84" elements="113" coveredelements="113"/>
  </project>
</coverage>
